Build started 3/23/2015 12:55:55 PM.
     1>Project "C:\Users\Arash\Desktop\Array3D\Array3D\Array3D.vcxproj" on node 2 (build target(s)).
     1>InitializeBuildStatus:
         Touching "Release\main.unsuccessfulbuild".
       ClCompile:
         C:\Program Files (x86)\Microsoft Visual Studio 10.0\VC\bin\CL.exe /c /Zi /nologo /W3 /WX- /O2 /Oi /Oy- /GL /D _MBCS /Gm- /EHsc /MD /GS /Gy /fp:precise /Zc:wchar_t /Zc:forScope /Fo"Release\\" /Fd"Release\vc100.pdb" /Gd /TP /analyze- /errorReport:prompt main.cpp
         main.cpp
     1>c:\users\arash\desktop\array3d\array3d\list.h(82): error C2679: binary '<<' : no operator found which takes a right-hand operand of type 'Node<T>' (or there is no acceptable conversion)
                 with
                 [
                     T=int
                 ]
                 C:\Program Files (x86)\Microsoft Visual Studio 10.0\VC\include\ostream(679): could be 'std::basic_ostream<_Elem,_Traits> &std::operator <<<char,std::char_traits<char>>(std::basic_ostream<_Elem,_Traits> &,const char *)'
                 with
                 [
                     _Elem=char,
                     _Traits=std::char_traits<char>
                 ]
                 C:\Program Files (x86)\Microsoft Visual Studio 10.0\VC\include\ostream(726): or       'std::basic_ostream<_Elem,_Traits> &std::operator <<<char,std::char_traits<char>>(std::basic_ostream<_Elem,_Traits> &,char)'
                 with
                 [
                     _Elem=char,
                     _Traits=std::char_traits<char>
                 ]
                 C:\Program Files (x86)\Microsoft Visual Studio 10.0\VC\include\ostream(764): or       'std::basic_ostream<_Elem,_Traits> &std::operator <<<std::char_traits<char>>(std::basic_ostream<_Elem,_Traits> &,const char *)'
                 with
                 [
                     _Elem=char,
                     _Traits=std::char_traits<char>
                 ]
                 C:\Program Files (x86)\Microsoft Visual Studio 10.0\VC\include\ostream(811): or       'std::basic_ostream<_Elem,_Traits> &std::operator <<<std::char_traits<char>>(std::basic_ostream<_Elem,_Traits> &,char)'
                 with
                 [
                     _Elem=char,
                     _Traits=std::char_traits<char>
                 ]
                 C:\Program Files (x86)\Microsoft Visual Studio 10.0\VC\include\ostream(937): or       'std::basic_ostream<_Elem,_Traits> &std::operator <<<std::char_traits<char>>(std::basic_ostream<_Elem,_Traits> &,const signed char *)'
                 with
                 [
                     _Elem=char,
                     _Traits=std::char_traits<char>
                 ]
                 C:\Program Files (x86)\Microsoft Visual Studio 10.0\VC\include\ostream(944): or       'std::basic_ostream<_Elem,_Traits> &std::operator <<<std::char_traits<char>>(std::basic_ostream<_Elem,_Traits> &,signed char)'
                 with
                 [
                     _Elem=char,
                     _Traits=std::char_traits<char>
                 ]
                 C:\Program Files (x86)\Microsoft Visual Studio 10.0\VC\include\ostream(951): or       'std::basic_ostream<_Elem,_Traits> &std::operator <<<std::char_traits<char>>(std::basic_ostream<_Elem,_Traits> &,const unsigned char *)'
                 with
                 [
                     _Elem=char,
                     _Traits=std::char_traits<char>
                 ]
                 C:\Program Files (x86)\Microsoft Visual Studio 10.0\VC\include\ostream(958): or       'std::basic_ostream<_Elem,_Traits> &std::operator <<<std::char_traits<char>>(std::basic_ostream<_Elem,_Traits> &,unsigned char)'
                 with
                 [
                     _Elem=char,
                     _Traits=std::char_traits<char>
                 ]
                 C:\Program Files (x86)\Microsoft Visual Studio 10.0\VC\include\ostream(968): or       'std::basic_ostream<_Elem,_Traits> &std::operator <<<char,std::char_traits<char>,T>(std::basic_ostream<_Elem,_Traits> &&,_Ty)'
                 with
                 [
                     _Elem=char,
                     _Traits=std::char_traits<char>,
                     T=Node<int>,
                     _Ty=Node<int>
                 ]
                 C:\Program Files (x86)\Microsoft Visual Studio 10.0\VC\include\ostream(1085): or       'std::basic_ostream<_Elem,_Traits> &std::operator <<<char,std::char_traits<char>>(std::basic_ostream<_Elem,_Traits> &,const std::error_code &)'
                 with
                 [
                     _Elem=char,
                     _Traits=std::char_traits<char>
                 ]
                 C:\Program Files (x86)\Microsoft Visual Studio 10.0\VC\include\ostream(186): or       'std::basic_ostream<_Elem,_Traits> &std::basic_ostream<_Elem,_Traits>::operator <<(std::basic_ostream<_Elem,_Traits> &(__cdecl *)(std::basic_ostream<_Elem,_Traits> &))'
                 with
                 [
                     _Elem=char,
                     _Traits=std::char_traits<char>
                 ]
                 C:\Program Files (x86)\Microsoft Visual Studio 10.0\VC\include\ostream(192): or       'std::basic_ostream<_Elem,_Traits> &std::basic_ostream<_Elem,_Traits>::operator <<(std::basic_ios<_Elem,_Traits> &(__cdecl *)(std::basic_ios<_Elem,_Traits> &))'
                 with
                 [
                     _Elem=char,
                     _Traits=std::char_traits<char>
                 ]
                 C:\Program Files (x86)\Microsoft Visual Studio 10.0\VC\include\ostream(199): or       'std::basic_ostream<_Elem,_Traits> &std::basic_ostream<_Elem,_Traits>::operator <<(std::ios_base &(__cdecl *)(std::ios_base &))'
                 with
                 [
                     _Elem=char,
                     _Traits=std::char_traits<char>
                 ]
                 C:\Program Files (x86)\Microsoft Visual Studio 10.0\VC\include\ostream(206): or       'std::basic_ostream<_Elem,_Traits> &std::basic_ostream<_Elem,_Traits>::operator <<(std::_Bool)'
                 with
                 [
                     _Elem=char,
                     _Traits=std::char_traits<char>
                 ]
                 C:\Program Files (x86)\Microsoft Visual Studio 10.0\VC\include\ostream(226): or       'std::basic_ostream<_Elem,_Traits> &std::basic_ostream<_Elem,_Traits>::operator <<(short)'
                 with
                 [
                     _Elem=char,
                     _Traits=std::char_traits<char>
                 ]
                 C:\Program Files (x86)\Microsoft Visual Studio 10.0\VC\include\ostream(260): or       'std::basic_ostream<_Elem,_Traits> &std::basic_ostream<_Elem,_Traits>::operator <<(unsigned short)'
                 with
                 [
                     _Elem=char,
                     _Traits=std::char_traits<char>
                 ]
                 C:\Program Files (x86)\Microsoft Visual Studio 10.0\VC\include\ostream(280): or       'std::basic_ostream<_Elem,_Traits> &std::basic_ostream<_Elem,_Traits>::operator <<(int)'
                 with
                 [
                     _Elem=char,
                     _Traits=std::char_traits<char>
                 ]
                 C:\Program Files (x86)\Microsoft Visual Studio 10.0\VC\include\ostream(305): or       'std::basic_ostream<_Elem,_Traits> &std::basic_ostream<_Elem,_Traits>::operator <<(unsigned int)'
                 with
                 [
                     _Elem=char,
                     _Traits=std::char_traits<char>
                 ]
                 C:\Program Files (x86)\Microsoft Visual Studio 10.0\VC\include\ostream(325): or       'std::basic_ostream<_Elem,_Traits> &std::basic_ostream<_Elem,_Traits>::operator <<(long)'
                 with
                 [
                     _Elem=char,
                     _Traits=std::char_traits<char>
                 ]
                 C:\Program Files (x86)\Microsoft Visual Studio 10.0\VC\include\ostream(345): or       'std::basic_ostream<_Elem,_Traits> &std::basic_ostream<_Elem,_Traits>::operator <<(unsigned long)'
                 with
                 [
                     _Elem=char,
                     _Traits=std::char_traits<char>
                 ]
                 C:\Program Files (x86)\Microsoft Visual Studio 10.0\VC\include\ostream(366): or       'std::basic_ostream<_Elem,_Traits> &std::basic_ostream<_Elem,_Traits>::operator <<(__int64)'
                 with
                 [
                     _Elem=char,
                     _Traits=std::char_traits<char>
                 ]
                 C:\Program Files (x86)\Microsoft Visual Studio 10.0\VC\include\ostream(386): or       'std::basic_ostream<_Elem,_Traits> &std::basic_ostream<_Elem,_Traits>::operator <<(unsigned __int64)'
                 with
                 [
                     _Elem=char,
                     _Traits=std::char_traits<char>
                 ]
                 C:\Program Files (x86)\Microsoft Visual Studio 10.0\VC\include\ostream(407): or       'std::basic_ostream<_Elem,_Traits> &std::basic_ostream<_Elem,_Traits>::operator <<(float)'
                 with
                 [
                     _Elem=char,
                     _Traits=std::char_traits<char>
                 ]
                 C:\Program Files (x86)\Microsoft Visual Studio 10.0\VC\include\ostream(427): or       'std::basic_ostream<_Elem,_Traits> &std::basic_ostream<_Elem,_Traits>::operator <<(double)'
                 with
                 [
                     _Elem=char,
                     _Traits=std::char_traits<char>
                 ]
                 C:\Program Files (x86)\Microsoft Visual Studio 10.0\VC\include\ostream(447): or       'std::basic_ostream<_Elem,_Traits> &std::basic_ostream<_Elem,_Traits>::operator <<(long double)'
                 with
                 [
                     _Elem=char,
                     _Traits=std::char_traits<char>
                 ]
                 C:\Program Files (x86)\Microsoft Visual Studio 10.0\VC\include\ostream(467): or       'std::basic_ostream<_Elem,_Traits> &std::basic_ostream<_Elem,_Traits>::operator <<(const void *)'
                 with
                 [
                     _Elem=char,
                     _Traits=std::char_traits<char>
                 ]
                 C:\Program Files (x86)\Microsoft Visual Studio 10.0\VC\include\ostream(487): or       'std::basic_ostream<_Elem,_Traits> &std::basic_ostream<_Elem,_Traits>::operator <<(std::basic_streambuf<_Elem,_Traits> *)'
                 with
                 [
                     _Elem=char,
                     _Traits=std::char_traits<char>
                 ]
                 while trying to match the argument list '(std::basic_ostream<_Elem,_Traits>, Node<T>)'
                 with
                 [
                     _Elem=char,
                     _Traits=std::char_traits<char>
                 ]
                 and
                 [
                     T=int
                 ]
                 c:\users\arash\desktop\array3d\array3d\list.h(75) : while compiling class template member function 'void list<T>::show(void)'
                 with
                 [
                     T=Node<int>
                 ]
                 main.cpp(20) : see reference to class template instantiation 'list<T>' being compiled
                 with
                 [
                     T=Node<int>
                 ]
     1>Done Building Project "C:\Users\Arash\Desktop\Array3D\Array3D\Array3D.vcxproj" (build target(s)) -- FAILED.

Build FAILED.

Time Elapsed 00:00:00.33
